<?xml version="1.0" encoding="UTF-8"?>
<!-- Generated by org.testng.reporters.JUnitReportReporter -->
<testsuite hostname="DESKTOP-TVRUTGT" failures="0" tests="1" name="Api_module.MavenProject.SeleniumProject" time="0.028" errors="0" timestamp="2021-05-03T11:35:39 IST" skipped="0">
  <testcase classname="Api_module.MavenProject.SeleniumProject" name="selenium" time="0.028"/>
  <system-out/>
</testsuite> <!-- Api_module.MavenProject.SeleniumProject -->
